#
# A fatal error has been detected by the Java Runtime Environment:
#
#  EXCEPTION_ACCESS_VIOLATION (0xc0000005) at pc=0x00007ff88d163004, pid=27692, tid=29184
#
# JRE version: OpenJDK Runtime Environment (24.0+36) (build 24+36-3646)
# Java VM: OpenJDK 64-Bit Server VM (24+36-3646, mixed mode, sharing, tiered, compressed oops, compressed class ptrs, g1 gc, windows-amd64)
# Problematic frame:
# C  [libasyncProfiler.dll+0x93004]
#
# No core dump will be written. Minidumps are not enabled by default on client versions of Windows
#
# JFR recording file will be written. Location: D:\3학년 1학기(25년)\네트워크 프로그래밍\network progaming\project1\hs_err_pid27692.jfr
#
# If you would like to submit a bug report, please visit:
#   https://bugreport.java.com/bugreport/crash.jsp
# The crash happened outside the Java Virtual Machine in native code.
# See problematic frame for where to report the bug.
#

---------------  S U M M A R Y ------------

Command Line: -javaagent:C:\Program Files\JetBrains\IntelliJ IDEA 2024.3.1.1\lib\idea_rt.jar=57172:C:\Program Files\JetBrains\IntelliJ IDEA 2024.3.1.1\bin -agentpath:C:\Users\kim10\AppData\Local\Temp\idea_libasyncProfiler_dll_temp_folder\libasyncProfiler.dll=start,jfr,event=wall,interval=10ms,jfrsync=profile,cstack=no,file=C:\Users\kim10\IdeaSnapshots\FileDownloadHTTPServer_7_6_GetServerSocketFields_java_2025_04_20_211000.jfr,dbghelppath=C:\Users\kim10\AppData\Local\Temp\idea_dbghelp_dll_temp_folder\dbghelp.dll,log=C:\Users\kim10\AppData\Local\Temp\FileDownloadHTTPServer_7_6_GetServerSocketFields_java_2025_04_20_211000.jfr.log.txt,logLevel=DEBUG -Dfile.encoding=UTF-8 -Dsun.stdout.encoding=UTF-8 -Dsun.stderr.encoding=UTF-8 example7.FileDownloadHTTPServer_7_6

Host: 12th Gen Intel(R) Core(TM) i3-12100F, 8 cores, 15G,  Windows 11 , 64 bit Build 22621 (10.0.22621.3958)
Time: Sun Apr 20 21:10:01 2025  Windows 11 , 64 bit Build 22621 (10.0.22621.3958) elapsed time: 0.381602 seconds (0d 0h 0m 0s)

---------------  T H R E A D  ---------------

Current thread (0x000001d6bdfadd30):  JavaThread "main"             [_thread_in_native, id=29184, stack(0x000000af43600000,0x000000af43700000) (1024K)]

Stack: [0x000000af43600000,0x000000af43700000],  sp=0x000000af436feac0,  free space=1018k
Native frames: (J=compiled Java code, j=interpreted, Vv=VM code, C=native code)
C  [libasyncProfiler.dll+0x93004]  (no source info available)
C  [libasyncProfiler.dll+0x934db]  (no source info available)
C  [libasyncProfiler.dll+0x92134]  (no source info available)
C  [libasyncProfiler.dll+0x929aa]  (no source info available)
C  [libasyncProfiler.dll+0x8d561]  (no source info available)
C  [libasyncProfiler.dll+0x7ef21]  (no source info available)
C  [libasyncProfiler.dll+0x7dc38]  (no source info available)
C  [libasyncProfiler.dll+0x7db20]  (no source info available)
C  [libasyncProfiler.dll+0x83c3c]  (no source info available)
V  [jvm.dll+0x5e3a5e]  (no source info available)
V  [jvm.dll+0x8861e6]  (no source info available)
V  [jvm.dll+0x49604e]  (no source info available)
V  [jvm.dll+0x497e21]  (no source info available)
C  [jli.dll+0x52a1]  (no source info available)
C  [ucrtbase.dll+0x29333]  (no source info available)
C  [KERNEL32.DLL+0x1257d]  (no source info available)
C  [ntdll.dll+0x5af28]  (no source info available)


siginfo: EXCEPTION_ACCESS_VIOLATION (0xc0000005), reading address 0xffffffffffffffff


Registers:
RAX=0x0000000000000010, RBX=0x0000000000000000, RCX=0xffffffffffffffff, RDX=0x007ff88bea2ff010
RSP=0x000000af436feac0, RBP=0x000001d71f410cf0, RSI=0x000000af436fec30, RDI=0x000001d71f410cf0
R8 =0x0000000000000042, R9 =0x0000000712a01ee8, R10=0x00007ff88c119fc0, R11=0x0000000000000002
R12=0x000000af436fec30, R13=0x000001d6bbcc3d70, R14=0x000001d6bdfae0f8, R15=0x000001d6bdfae0f8
RIP=0x00007ff88d163004, EFLAGS=0x0000000000010202

XMM[0]=0x0000000000000000 0x0000000000000000
XMM[1]=0x0000000000000000 0x0000000000000000
XMM[2]=0x0000000000000000 0x0000000000000000
XMM[3]=0x0000000000000000 0x0000000000000000
XMM[4]=0x0000000000000000 0x0000000000000000
XMM[5]=0x0000000000000000 0x0000000000000000
XMM[6]=0x0000000000000000 0x0000000000000000
XMM[7]=0x0000000000000000 0x0000000000000000
XMM[8]=0x0000000000000000 0x0000000000000000
XMM[9]=0x0000000000000000 0x0000000000000000
XMM[10]=0x0000000000000000 0x0000000000000000
XMM[11]=0x0000000000000000 0x0000000000000000
XMM[12]=0x0000000000000000 0x0000000000000000
XMM[13]=0x0000000000000000 0x0000000000000000
XMM[14]=0x0000000000000000 0x0000000000000000
XMM[15]=0x0000000000000000 0x0000000000000000
  MXCSR=0x00001fa0


Register to memory mapping:

RAX=0x0000000000000010 is an unknown value
RBX=0x0 is null
RCX=0xffffffffffffffff is an unknown value
RDX=0x007ff88bea2ff010 is an unknown value
RSP=0x000000af436feac0 is pointing into the stack for thread: 0x000001d6bdfadd30
RBP=0x000001d71f410cf0 points into unknown readable memory: 0x0000000712a01ee8 | e8 1e a0 12 07 00 00 00
RSI=0x000000af436fec30 is pointing into the stack for thread: 0x000001d6bdfadd30
RDI=0x000001d71f410cf0 points into unknown readable memory: 0x0000000712a01ee8 | e8 1e a0 12 07 00 00 00
R8 =0x0000000000000042 is an unknown value
R9 =0x0000000712a01ee8 is an oop: java.lang.Thread 
{0x0000000712a01ee8} - klass: 'java/lang/Thread' - flags: 

 - ---- fields (total size 14 words):
 - 'threadLocalRandomProbe' 'I' @12  0 (0x00000000)
 - private volatile 'eetop' 'J' @16  2021821963568 (0x000001d6bdfadd30)
 - private final 'tid' 'J' @24  3 (0x0000000000000003)
 - 'threadLocalRandomSeed' 'J' @32  0 (0x0000000000000000)
 - injected 'jvmti_thread_state' 'J' @40  2021785364704 (0x000001d6bbcc68e0)
 - 'threadLocalRandomSecondarySeed' 'I' @48  0 (0x00000000)
 - injected 'jvmti_VTMS_transition_disable_count' 'I' @52  0 (0x00000000)
 - injected 'jfr_epoch' 'S' @56  0 (0x0000)
 - volatile 'interrupted' 'Z' @58  false (0x00)
 - injected 'jvmti_is_in_VTMS_transition' 'Z' @59  false (0x00)
 - private volatile 'name' 'Ljava/lang/String;' @60  "main"{0x0000000712a01f58} (0xe25403eb)
 - private volatile 'contextClassLoader' 'Ljava/lang/ClassLoader;' @64  a 'jdk/internal/loader/ClassLoaders$AppClassLoader'{0x0000000712a32350} (0xe254646a)
 - private final 'holder' 'Ljava/lang/Thread$FieldHolder;' @68  a 'java/lang/Thread$FieldHolder'{0x0000000712a01f98} (0xe25403f3)
 - 'threadLocals' 'Ljava/lang/ThreadLocal$ThreadLocalMap;' @72  a 'java/lang/ThreadLocal$ThreadLocalMap'{0x000000071296ffe8} (0xe252dffd)
 - 'inheritableThreadLocals' 'Ljava/lang/ThreadLocal$ThreadLocalMap;' @76  null (0x00000000)
 - private 'scopedValueBindings' 'Ljava/lang/Object;' @80  a 'java/lang/Class'{0x00000007ffe7c280} = 'java/lang/Thread' (0xfffcf850)
 - final 'interruptLock' 'Ljava/lang/Object;' @84  a 'java/lang/Object'{0x0000000712a01f88} (0xe25403f1)
 - private volatile 'parkBlocker' 'Ljava/lang/Object;' @88  null (0x00000000)
 - private 'nioBlocker' 'Lsun/nio/ch/Interruptible;' @92  null (0x00000000)
 - private 'cont' 'Ljdk/internal/vm/Continuation;' @96  null (0x00000000)
 - private volatile 'uncaughtExceptionHandler' 'Ljava/lang/Thread$UncaughtExceptionHandler;' @100  null (0x00000000)
 - private 'container' 'Ljdk/internal/vm/ThreadContainer;' @104  null (0x00000000)
 - private volatile 'headStackableScopes' 'Ljdk/internal/vm/StackableScope;' @108  null (0x00000000)
R10=0x00007ff88c119fc0 jvm.dll
R11=0x0000000000000002 is an unknown value
R12=0x000000af436fec30 is pointing into the stack for thread: 0x000001d6bdfadd30
R13=0x000001d6bbcc3d70 points into unknown readable memory: 0x00007ff88c08a510 | 10 a5 08 8c f8 7f 00 00
R14=0x000001d6bdfae0f8 points into unknown readable memory: 0x00007ff88c0817b0 | b0 17 08 8c f8 7f 00 00
R15=0x000001d6bdfae0f8 points into unknown readable memory: 0x00007ff88c0817b0 | b0 17 08 8c f8 7f 00 00

Top of Stack: (sp=0x000000af436feac0)
0x000000af436feac0:   000000af436fec30 000001d71f410cf0   0.oC......A.....
0x000000af436fead0:   0000000000000000 000001d6bdfae480   ................
0x000000af436feae0:   000000000000001a 00007ff88d1634db   .........4......
0x000000af436feaf0:   0000000000000000 000001d6bdfae0f8   ................
0x000000af436feb00:   000000af436fec01 0000000000000000   ..oC............
0x000000af436feb10:   000001d724f70960 00007ff88d162134   `..$....4!......
0x000000af436feb20:   0000000000000000 000000000000001a   ................
0x000000af436feb30:   0000000000000000 000000000000001a   ................
0x000000af436feb40:   000000091fd13040 000001d724015230   @0......0R.$....
0x000000af436feb50:   000001d724f70960 000001d724f709c8   `..$.......$....
0x000000af436feb60:   000001d724f709d0 00000000000055ac   ...$.....U......
0x000000af436feb70:   0000000000000000 0000000000000000   ................
0x000000af436feb80:   0000000000000000 00007ff88b8e58e4   .........X......
0x000000af436feb90:   00007ff88d2bae00 0000000000006c2c   ..+.....,l......
0x000000af436feba0:   00007ff88d2bae00 00000000ffffffff   ..+.............
0x000000af436febb0:   0000000000000000 00007ff88d1629aa   .........)......
0x000000af436febc0:   000001d6bdfae0f8 0000000000000000   ................
0x000000af436febd0:   000000af436fec39 000001d6bbcc3d70   9.oC....p=......
0x000000af436febe0:   000001d72403b430 0000000000000000   0..$............
0x000000af436febf0:   0000000000000000 00007ff88d264118   .........A&.....
0x000000af436fec00:   000001d6bdfae0f8 00007ff88d2bae00   ..........+.....
0x000000af436fec10:   0000000000100000 0000000000001000   ................
0x000000af436fec20:   000000af436fedc8 000001d6bdfae0f8   ..oC............
0x000000af436fec30:   000001d724fd0a60 000001d724fd0da0   `..$.......$....
0x000000af436fec40:   000001d724fd0da0 00007ff88d2bae00   ...$......+.....
0x000000af436fec50:   000001d72403c0f0 000001d6bbc90000   ...$............
0x000000af436fec60:   000000af436fef00 0000000000008840   ..oC....@.......
0x000000af436fec70:   00007ff88d2ad080 00007ff88d2bae50   ..*.....P.+.....
0x000000af436fec80:   0000000000989680 0000000000989680   ................
0x000000af436fec90:   000000af436feda0 00007ff88d15d561   ..oC....a.......
0x000000af436feca0:   00007ff88d2bae00 00007ff88d2bae58   ..+.....X.+.....
0x000000af436fecb0:   00007ff800000000 000001d700000001   ................

Instructions: (pc=0x00007ff88d163004)
  0x00007ff88d162f04:   cc cc cc cc cc cc cc cc cc cc cc cc cc cc cc cc
  0x00007ff88d162f14:   cc cc cc cc cc cc cc cc cc cc cc cc cc cc cc cc
  0x00007ff88d162f24:   cc cc cc cc cc cc cc cc cc cc cc cc cc cc cc cc
  0x00007ff88d162f34:   cc cc cc cc cc cc cc cc cc cc cc cc cc cc cc cc
  0x00007ff88d162f44:   cc cc cc cc cc cc cc cc cc cc cc cc cc cc cc cc
  0x00007ff88d162f54:   cc cc cc cc cc cc cc cc cc cc cc cc cc cc cc cc
  0x00007ff88d162f64:   cc cc cc cc cc cc cc cc cc cc cc cc cc cc cc cc
  0x00007ff88d162f74:   cc cc cc cc cc cc cc cc cc cc cc cc cc cc cc cc
  0x00007ff88d162f84:   cc cc cc cc cc cc cc cc cc cc cc cc 40 57 48 83
  0x00007ff88d162f94:   ec 20 48 8b f9 48 8b 0d 30 80 15 00 48 85 c9 74
  0x00007ff88d162fa4:   20 48 8b 01 48 8d 54 24 38 41 b8 06 00 01 00 4c
  0x00007ff88d162fb4:   8b 48 30 41 ff d1 85 c0 75 07 48 8b 4c 24 38 eb
  0x00007ff88d162fc4:   02 33 c9 4c 8b 05 0a 81 15 00 48 89 5c 24 30 4d
  0x00007ff88d162fd4:   85 c0 74 4a 48 8b 01 48 8b d7 4c 8b 88 28 03 00
  0x00007ff88d162fe4:   00 41 ff d1 48 85 c0 74 35 48 63 0d b8 3d 15 00
  0x00007ff88d162ff4:   48 8b 14 01 48 85 d2 74 15 48 63 05 bc 3d 15 00
=>0x00007ff88d163004:   8b 04 10 48 8b 5c 24 30 48 83 c4 20 5f c3 b8 ff
  0x00007ff88d163014:   ff ff ff 48 8b 5c 24 30 48 83 c4 20 5f c3 80 3d
  0x00007ff88d163024:   bb 7f 15 00 00 bb ff ff ff ff 74 20 4c 8b 0d 51
  0x00007ff88d163034:   7c 15 00 4c 8d 44 24 38 48 8b 0d 35 7c 15 00 48
  0x00007ff88d163044:   8b d7 41 ff d1 85 c0 0f 44 5c 24 38 8b c3 48 8b
  0x00007ff88d163054:   5c 24 30 48 83 c4 20 5f c3 cc cc cc cc cc cc cc
  0x00007ff88d163064:   cc cc cc cc cc cc cc cc cc cc cc cc cc cc cc cc
  0x00007ff88d163074:   cc cc cc cc cc cc cc cc cc cc cc cc cc cc cc cc
  0x00007ff88d163084:   cc cc cc cc cc cc cc cc cc cc cc cc 48 89 54 24
  0x00007ff88d163094:   10 53 55 56 57 41 56 41 57 48 83 ec 28 48 8b f2
  0x00007ff88d1630a4:   4c 8b f1 48 89 4c 24 78 45 33 ff 44 89 7c 24 68
  0x00007ff88d1630b4:   c7 44 24 60 01 00 00 00 48 8d 4c 24 68 e8 69 3c
  0x00007ff88d1630c4:   f7 ff 8b d8 48 8d 4c 24 60 e8 5d 3c f7 ff 8b e8
  0x00007ff88d1630d4:   49 8b ce e8 33 f3 f6 ff 48 8b f8 90 8b c3 f0 0f
  0x00007ff88d1630e4:   b1 2f 74 04 f3 90 eb f4 4c 89 3e 4c 89 7e 08 4c
  0x00007ff88d1630f4:   89 7e 10 49 8b 6e 08 4d 8b 76 10 49 3b ee 0f 84


Stack slot to memory mapping:

stack at sp + 0 slots: 0x000000af436fec30 is pointing into the stack for thread: 0x000001d6bdfadd30
stack at sp + 1 slots: 0x000001d71f410cf0 points into unknown readable memory: 0x0000000712a01ee8 | e8 1e a0 12 07 00 00 00
stack at sp + 2 slots: 0x0 is null
stack at sp + 3 slots: 0x000001d6bdfae480 points into unknown readable memory: 0x6e616c2e6176616a | 6a 61 76 61 2e 6c 61 6e
stack at sp + 4 slots: 0x000000000000001a is an unknown value
stack at sp + 5 slots: 0x00007ff88d1634db libasyncProfiler.dll
stack at sp + 6 slots: 0x0 is null
stack at sp + 7 slots: 0x000001d6bdfae0f8 points into unknown readable memory: 0x00007ff88c0817b0 | b0 17 08 8c f8 7f 00 00

Lock stack of current Java thread (top to bottom):


---------------  P R O C E S S  ---------------

Threads class SMR info:
_java_thread_list=0x000001d71f341180, length=15, elements={
0x000001d6bdfadd30, 0x000001d6bdbcdcc0, 0x000001d6bdbcf770, 0x000001d6bdbd1d30,
0x000001d6bdbd4870, 0x000001d6bdbd53a0, 0x000001d6bdbd6000, 0x000001d71f12efd0,
0x000001d71f132340, 0x000001d71f2129f0, 0x000001d71f40c960, 0x000001d71fab3840,
0x000001d724e61520, 0x000001d724008fd0, 0x000001d71fb91bc0
}

Java Threads: ( => current thread )
=>0x000001d6bdfadd30 JavaThread "main"                              [_thread_in_native, id=29184, stack(0x000000af43600000,0x000000af43700000) (1024K)]
  0x000001d6bdbcdcc0 JavaThread "Reference Handler"          daemon [_thread_blocked, id=24388, stack(0x000000af43e00000,0x000000af43f00000) (1024K)]
  0x000001d6bdbcf770 JavaThread "Finalizer"                  daemon [_thread_blocked, id=22980, stack(0x000000af43f00000,0x000000af44000000) (1024K)]
  0x000001d6bdbd1d30 JavaThread "Signal Dispatcher"          daemon [_thread_blocked, id=31024, stack(0x000000af44000000,0x000000af44100000) (1024K)]
  0x000001d6bdbd4870 JavaThread "Attach Listener"            daemon [_thread_blocked, id=26660, stack(0x000000af44100000,0x000000af44200000) (1024K)]
  0x000001d6bdbd53a0 JavaThread "Service Thread"             daemon [_thread_blocked, id=21640, stack(0x000000af44200000,0x000000af44300000) (1024K)]
  0x000001d6bdbd6000 JavaThread "Monitor Deflation Thread"   daemon [_thread_blocked, id=18228, stack(0x000000af44300000,0x000000af44400000) (1024K)]
  0x000001d71f12efd0 JavaThread "C2 CompilerThread0"         daemon [_thread_blocked, id=12308, stack(0x000000af44400000,0x000000af44500000) (1024K)]
  0x000001d71f132340 JavaThread "C1 CompilerThread0"         daemon [_thread_blocked, id=20504, stack(0x000000af44500000,0x000000af44600000) (1024K)]
  0x000001d71f2129f0 JavaThread "Common-Cleaner"             daemon [_thread_blocked, id=18640, stack(0x000000af44600000,0x000000af44700000) (1024K)]
  0x000001d71f40c960 JavaThread "Monitor Ctrl-Break"         daemon [_thread_in_native, id=22164, stack(0x000000af44700000,0x000000af44800000) (1024K)]
  0x000001d71fab3840 JavaThread "C2 CompilerThread1"         daemon [_thread_blocked, id=27404, stack(0x000000af44800000,0x000000af44900000) (1024K)]
  0x000001d724e61520 JavaThread "JFR Recorder Thread"        daemon [_thread_in_native, id=15824, stack(0x000000af44900000,0x000000af44a00000) (1024K)]
  0x000001d724008fd0 JavaThread "C2 CompilerThread2"         daemon [_thread_blocked, id=5484, stack(0x000000af44a00000,0x000000af44b00000) (1024K)]
  0x000001d71fb91bc0 JavaThread "JFR Periodic Tasks"         daemon [_thread_blocked, id=21932, stack(0x000000af44b00000,0x000000af44c00000) (1024K)]
Total: 15

Other Threads:
  0x000001d6bdbba680 VMThread "VM Thread"                           [id=30252, stack(0x000000af43d00000,0x000000af43e00000) (1024K)]
  0x000001d6bdbad020 WatcherThread "VM Periodic Task Thread"        [id=1316, stack(0x000000af43c00000,0x000000af43d00000) (1024K)]
  0x000001d6bdaa5310 WorkerThread "GC Thread#0"                     [id=29508, stack(0x000000af43700000,0x000000af43800000) (1024K)]
  0x000001d6bdabaa00 ConcurrentGCThread "G1 Main Marker"            [id=21132, stack(0x000000af43800000,0x000000af43900000) (1024K)]
  0x000001d6bdabc080 WorkerThread "G1 Conc#0"                       [id=21516, stack(0x000000af43900000,0x000000af43a00000) (1024K)]
  0x000001d6bdb81e90 ConcurrentGCThread "G1 Refine#0"               [id=5572, stack(0x000000af43a00000,0x000000af43b00000) (1024K)]
  0x000001d6bdb82a10 ConcurrentGCThread "G1 Service"                [id=27824, stack(0x000000af43b00000,0x000000af43c00000) (1024K)]
Total: 7

Threads with active compile tasks:
Total: 0

VM state: not at safepoint (normal execution)

VM Mutex/Monitor currently owned by a thread: None

Heap address: 0x0000000702e00000, size: 4050 MB, Compressed Oops mode: Zero based, Oop shift amount: 3

CDS archive(s) mapped at: [0x000001d6de000000-0x000001d6ded40000-0x000001d6ded40000), size 13893632, SharedBaseAddress: 0x000001d6de000000, ArchiveRelocationMode: 1.
Compressed class space mapped at: 0x000001d6df000000-0x000001d71f000000, reserved size: 1073741824
UseCompressedClassPointers 1, UseCompactObjectHeaders 0
Narrow klass pointer bits 32, Max shift 3
Narrow klass base: 0x000001d6de000000, Narrow klass shift: 0
Encoding Range: [0x000001d6de000000 - 0x000001d7de000000), (4294967296 bytes)
Klass Range:    [0x000001d6de000000 - 0x000001d71f000000), (1090519040 bytes)
Klass ID Range:  [8 - 1090519033) (1090519025)

GC Precious Log:
 CardTable entry size: 512
 Card Set container configuration: InlinePtr #cards 4 size 8 Array Of Cards #cards 16 size 48 Howl #buckets 8 coarsen threshold 3686 Howl Bitmap #cards 512 size 80 coarsen threshold 460 Card regions per heap region 1 cards per card region 4096
 CPUs: 8 total, 8 available
 Memory: 16197M
 Large Page Support: Disabled
 NUMA Support: Disabled
 Compressed Oops: Enabled (Zero based)
 Heap Region Size: 2M
 Heap Min Capacity: 8M
 Heap Initial Capacity: 254M
 Heap Max Capacity: 4050M
 Pre-touch: Disabled
 Parallel Workers: 8
 Concurrent Workers: 2
 Concurrent Refinement Workers: 8
 Periodic GC: Disabled

Heap:
 garbage-first heap   total reserved 4147200K, committed 262144K, used 19568K [0x0000000702e00000, 0x0000000800000000)
  region size 2048K, 10 young (20480K), 0 survivors (0K)
 Metaspace       used 3447K, committed 3648K, reserved 1114112K
  class space    used 306K, committed 384K, reserved 1048576K

Heap Regions: E=young(eden), S=young(survivor), O=old, HS=humongous(starts), HC=humongous(continues), CS=collection set, F=free, TAMS=top-at-mark-start, PB=parsable bottom
|   0|0x0000000702e00000, 0x0000000702e00000, 0x0000000703000000|  0%| F|  |TAMS 0x0000000702e00000| PB 0x0000000702e00000| Untracked |  0
|   1|0x0000000703000000, 0x0000000703000000, 0x0000000703200000|  0%| F|  |TAMS 0x0000000703000000| PB 0x0000000703000000| Untracked |  0
|   2|0x0000000703200000, 0x0000000703200000, 0x0000000703400000|  0%| F|  |TAMS 0x0000000703200000| PB 0x0000000703200000| Untracked |  0
|   3|0x0000000703400000, 0x0000000703400000, 0x0000000703600000|  0%| F|  |TAMS 0x0000000703400000| PB 0x0000000703400000| Untracked |  0
|   4|0x0000000703600000, 0x0000000703600000, 0x0000000703800000|  0%| F|  |TAMS 0x0000000703600000| PB 0x0000000703600000| Untracked |  0
|   5|0x0000000703800000, 0x0000000703800000, 0x0000000703a00000|  0%| F|  |TAMS 0x0000000703800000| PB 0x0000000703800000| Untracked |  0
|   6|0x0000000703a00000, 0x0000000703a00000, 0x0000000703c00000|  0%| F|  |TAMS 0x0000000703a00000| PB 0x0000000703a00000| Untracked |  0
|   7|0x0000000703c00000, 0x0000000703c00000, 0x0000000703e00000|  0%| F|  |TAMS 0x0000000703c00000| PB 0x0000000703c00000| Untracked |  0
|   8|0x0000000703e00000, 0x0000000703e00000, 0x0000000704000000|  0%| F|  |TAMS 0x0000000703e00000| PB 0x0000000703e00000| Untracked |  0
|   9|0x0000000704000000, 0x0000000704000000, 0x0000000704200000|  0%| F|  |TAMS 0x0000000704000000| PB 0x0000000704000000| Untracked |  0
|  10|0x0000000704200000, 0x0000000704200000, 0x0000000704400000|  0%| F|  |TAMS 0x0000000704200000| PB 0x0000000704200000| Untracked |  0
|  11|0x0000000704400000, 0x0000000704400000, 0x0000000704600000|  0%| F|  |TAMS 0x0000000704400000| PB 0x0000000704400000| Untracked |  0
|  12|0x0000000704600000, 0x0000000704600000, 0x0000000704800000|  0%| F|  |TAMS 0x0000000704600000| PB 0x0000000704600000| Untracked |  0
|  13|0x0000000704800000, 0x0000000704800000, 0x0000000704a00000|  0%| F|  |TAMS 0x0000000704800000| PB 0x0000000704800000| Untracked |  0
|  14|0x0000000704a00000, 0x0000000704a00000, 0x0000000704c00000|  0%| F|  |TAMS 0x0000000704a00000| PB 0x0000000704a00000| Untracked |  0
|  15|0x0000000704c00000, 0x0000000704c00000, 0x0000000704e00000|  0%| F|  |TAMS 0x0000000704c00000| PB 0x0000000704c00000| Untracked |  0
|  16|0x0000000704e00000, 0x0000000704e00000, 0x0000000705000000|  0%| F|  |TAMS 0x0000000704e00000| PB 0x0000000704e00000| Untracked |  0
|  17|0x0000000705000000, 0x0000000705000000, 0x0000000705200000|  0%| F|  |TAMS 0x0000000705000000| PB 0x0000000705000000| Untracked |  0
|  18|0x0000000705200000, 0x0000000705200000, 0x0000000705400000|  0%| F|  |TAMS 0x0000000705200000| PB 0x0000000705200000| Untracked |  0
|  19|0x0000000705400000, 0x0000000705400000, 0x0000000705600000|  0%| F|  |TAMS 0x0000000705400000| PB 0x0000000705400000| Untracked |  0
|  20|0x0000000705600000, 0x0000000705600000, 0x0000000705800000|  0%| F|  |TAMS 0x0000000705600000| PB 0x0000000705600000| Untracked |  0
|  21|0x0000000705800000, 0x0000000705800000, 0x0000000705a00000|  0%| F|  |TAMS 0x0000000705800000| PB 0x0000000705800000| Untracked |  0
|  22|0x0000000705a00000, 0x0000000705a00000, 0x0000000705c00000|  0%| F|  |TAMS 0x0000000705a00000| PB 0x0000000705a00000| Untracked |  0
|  23|0x0000000705c00000, 0x0000000705c00000, 0x0000000705e00000|  0%| F|  |TAMS 0x0000000705c00000| PB 0x0000000705c00000| Untracked |  0
|  24|0x0000000705e00000, 0x0000000705e00000, 0x0000000706000000|  0%| F|  |TAMS 0x0000000705e00000| PB 0x0000000705e00000| Untracked |  0
|  25|0x0000000706000000, 0x0000000706000000, 0x0000000706200000|  0%| F|  |TAMS 0x0000000706000000| PB 0x0000000706000000| Untracked |  0
|  26|0x0000000706200000, 0x0000000706200000, 0x0000000706400000|  0%| F|  |TAMS 0x0000000706200000| PB 0x0000000706200000| Untracked |  0
|  27|0x0000000706400000, 0x0000000706400000, 0x0000000706600000|  0%| F|  |TAMS 0x0000000706400000| PB 0x0000000706400000| Untracked |  0
|  28|0x0000000706600000, 0x0000000706600000, 0x0000000706800000|  0%| F|  |TAMS 0x0000000706600000| PB 0x0000000706600000| Untracked |  0
|  29|0x0000000706800000, 0x0000000706800000, 0x0000000706a00000|  0%| F|  |TAMS 0x0000000706800000| PB 0x0000000706800000| Untracked |  0
|  30|0x0000000706a00000, 0x0000000706a00000, 0x0000000706c00000|  0%| F|  |TAMS 0x0000000706a00000| PB 0x0000000706a00000| Untracked |  0
|  31|0x0000000706c00000, 0x0000000706c00000, 0x0000000706e00000|  0%| F|  |TAMS 0x0000000706c00000| PB 0x0000000706c00000| Untracked |  0
|  32|0x0000000706e00000, 0x0000000706e00000, 0x0000000707000000|  0%| F|  |TAMS 0x0000000706e00000| PB 0x0000000706e00000| Untracked |  0
|  33|0x0000000707000000, 0x0000000707000000, 0x0000000707200000|  0%| F|  |TAMS 0x0000000707000000| PB 0x0000000707000000| Untracked |  0
|  34|0x0000000707200000, 0x0000000707200000, 0x0000000707400000|  0%| F|  |TAMS 0x0000000707200000| PB 0x0000000707200000| Untracked |  0
|  35|0x0000000707400000, 0x0000000707400000, 0x0000000707600000|  0%| F|  |TAMS 0x0000000707400000| PB 0x0000000707400000| Untracked |  0
|  36|0x0000000707600000, 0x0000000707600000, 0x0000000707800000|  0%| F|  |TAMS 0x0000000707600000| PB 0x0000000707600000| Untracked |  0
|  37|0x0000000707800000, 0x0000000707800000, 0x0000000707a00000|  0%| F|  |TAMS 0x0000000707800000| PB 0x0000000707800000| Untracked |  0
|  38|0x0000000707a00000, 0x0000000707a00000, 0x0000000707c00000|  0%| F|  |TAMS 0x0000000707a00000| PB 0x0000000707a00000| Untracked |  0
|  39|0x0000000707c00000, 0x0000000707c00000, 0x0000000707e00000|  0%| F|  |TAMS 0x0000000707c00000| PB 0x0000000707c00000| Untracked |  0
|  40|0x0000000707e00000, 0x0000000707e00000, 0x0000000708000000|  0%| F|  |TAMS 0x0000000707e00000| PB 0x0000000707e00000| Untracked |  0
|  41|0x0000000708000000, 0x0000000708000000, 0x0000000708200000|  0%| F|  |TAMS 0x0000000708000000| PB 0x0000000708000000| Untracked |  0
|  42|0x0000000708200000, 0x0000000708200000, 0x0000000708400000|  0%| F|  |TAMS 0x0000000708200000| PB 0x0000000708200000| Untracked |  0
|  43|0x0000000708400000, 0x0000000708400000, 0x0000000708600000|  0%| F|  |TAMS 0x0000000708400000| PB 0x0000000708400000| Untracked |  0
|  44|0x0000000708600000, 0x0000000708600000, 0x0000000708800000|  0%| F|  |TAMS 0x0000000708600000| PB 0x0000000708600000| Untracked |  0
|  45|0x0000000708800000, 0x0000000708800000, 0x0000000708a00000|  0%| F|  |TAMS 0x0000000708800000| PB 0x0000000708800000| Untracked |  0
|  46|0x0000000708a00000, 0x0000000708a00000, 0x0000000708c00000|  0%| F|  |TAMS 0x0000000708a00000| PB 0x0000000708a00000| Untracked |  0
|  47|0x0000000708c00000, 0x0000000708c00000, 0x0000000708e00000|  0%| F|  |TAMS 0x0000000708c00000| PB 0x0000000708c00000| Untracked |  0
|  48|0x0000000708e00000, 0x0000000708e00000, 0x0000000709000000|  0%| F|  |TAMS 0x0000000708e00000| PB 0x0000000708e00000| Untracked |  0
|  49|0x0000000709000000, 0x0000000709000000, 0x0000000709200000|  0%| F|  |TAMS 0x0000000709000000| PB 0x0000000709000000| Untracked |  0
|  50|0x0000000709200000, 0x0000000709200000, 0x0000000709400000|  0%| F|  |TAMS 0x0000000709200000| PB 0x0000000709200000| Untracked |  0
|  51|0x0000000709400000, 0x0000000709400000, 0x0000000709600000|  0%| F|  |TAMS 0x0000000709400000| PB 0x0000000709400000| Untracked |  0
|  52|0x0000000709600000, 0x0000000709600000, 0x0000000709800000|  0%| F|  |TAMS 0x0000000709600000| PB 0x0000000709600000| Untracked |  0
|  53|0x0000000709800000, 0x0000000709800000, 0x0000000709a00000|  0%| F|  |TAMS 0x0000000709800000| PB 0x0000000709800000| Untracked |  0
|  54|0x0000000709a00000, 0x0000000709a00000, 0x0000000709c00000|  0%| F|  |TAMS 0x0000000709a00000| PB 0x0000000709a00000| Untracked |  0
|  55|0x0000000709c00000, 0x0000000709c00000, 0x0000000709e00000|  0%| F|  |TAMS 0x0000000709c00000| PB 0x0000000709c00000| Untracked |  0
|  56|0x0000000709e00000, 0x0000000709e00000, 0x000000070a000000|  0%| F|  |TAMS 0x0000000709e00000| PB 0x0000000709e00000| Untracked |  0
|  57|0x000000070a000000, 0x000000070a000000, 0x000000070a200000|  0%| F|  |TAMS 0x000000070a000000| PB 0x000000070a000000| Untracked |  0
|  58|0x000000070a200000, 0x000000070a200000, 0x000000070a400000|  0%| F|  |TAMS 0x000000070a200000| PB 0x000000070a200000| Untracked |  0
|  59|0x000000070a400000, 0x000000070a400000, 0x000000070a600000|  0%| F|  |TAMS 0x000000070a400000| PB 0x000000070a400000| Untracked |  0
|  60|0x000000070a600000, 0x000000070a600000, 0x000000070a800000|  0%| F|  |TAMS 0x000000070a600000| PB 0x000000070a600000| Untracked |  0
|  61|0x000000070a800000, 0x000000070a800000, 0x000000070aa00000|  0%| F|  |TAMS 0x000000070a800000| PB 0x000000070a800000| Untracked |  0
|  62|0x000000070aa00000, 0x000000070aa00000, 0x000000070ac00000|  0%| F|  |TAMS 0x000000070aa00000| PB 0x000000070aa00000| Untracked |  0
|  63|0x000000070ac00000, 0x000000070ac00000, 0x000000070ae00000|  0%| F|  |TAMS 0x000000070ac00000| PB 0x000000070ac00000| Untracked |  0
|  64|0x000000070ae00000, 0x000000070ae00000, 0x000000070b000000|  0%| F|  |TAMS 0x000000070ae00000| PB 0x000000070ae00000| Untracked |  0
|  65|0x000000070b000000, 0x000000070b000000, 0x000000070b200000|  0%| F|  |TAMS 0x000000070b000000| PB 0x000000070b000000| Untracked |  0
|  66|0x000000070b200000, 0x000000070b200000, 0x000000070b400000|  0%| F|  |TAMS 0x000000070b200000| PB 0x000000070b200000| Untracked |  0
|  67|0x000000070b400000, 0x000000070b400000, 0x000000070b600000|  0%| F|  |TAMS 0x000000070b400000| PB 0x000000070b400000| Untracked |  0
|  68|0x000000070b600000, 0x000000070b600000, 0x000000070b800000|  0%| F|  |TAMS 0x000000070b600000| PB 0x000000070b600000| Untracked |  0
|  69|0x000000070b800000, 0x000000070b800000, 0x000000070ba00000|  0%| F|  |TAMS 0x000000070b800000| PB 0x000000070b800000| Untracked |  0
|  70|0x000000070ba00000, 0x000000070ba00000, 0x000000070bc00000|  0%| F|  |TAMS 0x000000070ba00000| PB 0x000000070ba00000| Untracked |  0
|  71|0x000000070bc00000, 0x000000070bc00000, 0x000000070be00000|  0%| F|  |TAMS 0x000000070bc00000| PB 0x000000070bc00000| Untracked |  0
|  72|0x000000070be00000, 0x000000070be00000, 0x000000070c000000|  0%| F|  |TAMS 0x000000070be00000| PB 0x000000070be00000| Untracked |  0
|  73|0x000000070c000000, 0x000000070c000000, 0x000000070c200000|  0%| F|  |TAMS 0x000000070c000000| PB 0x000000070c000000| Untracked |  0
|  74|0x000000070c200000, 0x000000070c200000, 0x000000070c400000|  0%| F|  |TAMS 0x000000070c200000| PB 0x000000070c200000| Untracked |  0
|  75|0x000000070c400000, 0x000000070c400000, 0x000000070c600000|  0%| F|  |TAMS 0x000000070c400000| PB 0x000000070c400000| Untracked |  0
|  76|0x000000070c600000, 0x000000070c600000, 0x000000070c800000|  0%| F|  |TAMS 0x000000070c600000| PB 0x000000070c600000| Untracked |  0
|  77|0x000000070c800000, 0x000000070c800000, 0x000000070ca00000|  0%| F|  |TAMS 0x000000070c800000| PB 0x000000070c800000| Untracked |  0
|  78|0x000000070ca00000, 0x000000070ca00000, 0x000000070cc00000|  0%| F|  |TAMS 0x000000070ca00000| PB 0x000000070ca00000| Untracked |  0
|  79|0x000000070cc00000, 0x000000070cc00000, 0x000000070ce00000|  0%| F|  |TAMS 0x000000070cc00000| PB 0x000000070cc00000| Untracked |  0
|  80|0x000000070ce00000, 0x000000070ce00000, 0x000000070d000000|  0%| F|  |TAMS 0x000000070ce00000| PB 0x000000070ce00000| Untracked |  0
|  81|0x000000070d000000, 0x000000070d000000, 0x000000070d200000|  0%| F|  |TAMS 0x000000070d000000| PB 0x000000070d000000| Untracked |  0
|  82|0x000000070d200000, 0x000000070d200000, 0x000000070d400000|  0%| F|  |TAMS 0x000000070d200000| PB 0x000000070d200000| Untracked |  0
|  83|0x000000070d400000, 0x000000070d400000, 0x000000070d600000|  0%| F|  |TAMS 0x000000070d400000| PB 0x000000070d400000| Untracked |  0
|  84|0x000000070d600000, 0x000000070d600000, 0x000000070d800000|  0%| F|  |TAMS 0x000000070d600000| PB 0x000000070d600000| Untracked |  0
|  85|0x000000070d800000, 0x000000070d800000, 0x000000070da00000|  0%| F|  |TAMS 0x000000070d800000| PB 0x000000070d800000| Untracked |  0
|  86|0x000000070da00000, 0x000000070da00000, 0x000000070dc00000|  0%| F|  |TAMS 0x000000070da00000| PB 0x000000070da00000| Untracked |  0
|  87|0x000000070dc00000, 0x000000070dc00000, 0x000000070de00000|  0%| F|  |TAMS 0x000000070dc00000| PB 0x000000070dc00000| Untracked |  0
|  88|0x000000070de00000, 0x000000070de00000, 0x000000070e000000|  0%| F|  |TAMS 0x000000070de00000| PB 0x000000070de00000| Untracked |  0
|  89|0x000000070e000000, 0x000000070e000000, 0x000000070e200000|  0%| F|  |TAMS 0x000000070e000000| PB 0x000000070e000000| Untracked |  0
|  90|0x000000070e200000, 0x000000070e200000, 0x000000070e400000|  0%| F|  |TAMS 0x000000070e200000| PB 0x000000070e200000| Untracked |  0
|  91|0x000000070e400000, 0x000000070e400000, 0x000000070e600000|  0%| F|  |TAMS 0x000000070e400000| PB 0x000000070e400000| Untracked |  0
|  92|0x000000070e600000, 0x000000070e600000, 0x000000070e800000|  0%| F|  |TAMS 0x000000070e600000| PB 0x000000070e600000| Untracked |  0
|  93|0x000000070e800000, 0x000000070e800000, 0x000000070ea00000|  0%| F|  |TAMS 0x000000070e800000| PB 0x000000070e800000| Untracked |  0
|  94|0x000000070ea00000, 0x000000070ea00000, 0x000000070ec00000|  0%| F|  |TAMS 0x000000070ea00000| PB 0x000000070ea00000| Untracked |  0
|  95|0x000000070ec00000, 0x000000070ec00000, 0x000000070ee00000|  0%| F|  |TAMS 0x000000070ec00000| PB 0x000000070ec00000| Untracked |  0
|  96|0x000000070ee00000, 0x000000070ee00000, 0x000000070f000000|  0%| F|  |TAMS 0x000000070ee00000| PB 0x000000070ee00000| Untracked |  0
|  97|0x000000070f000000, 0x000000070f000000, 0x000000070f200000|  0%| F|  |TAMS 0x000000070f000000| PB 0x000000070f000000| Untracked |  0
|  98|0x000000070f200000, 0x000000070f200000, 0x000000070f400000|  0%| F|  |TAMS 0x000000070f200000| PB 0x000000070f200000| Untracked |  0
|  99|0x000000070f400000, 0x000000070f400000, 0x000000070f600000|  0%| F|  |TAMS 0x000000070f400000| PB 0x000000070f400000| Untracked |  0
| 100|0x000000070f600000, 0x000000070f600000, 0x000000070f800000|  0%| F|  |TAMS 0x000000070f600000| PB 0x000000070f600000| Untracked |  0
| 101|0x000000070f800000, 0x000000070f800000, 0x000000070fa00000|  0%| F|  |TAMS 0x000000070f800000| PB 0x000000070f800000| Untracked |  0
| 102|0x000000070fa00000, 0x000000070fa00000, 0x000000070fc00000|  0%| F|  |TAMS 0x000000070fa00000| PB 0x000000070fa00000| Untracked |  0
| 103|0x000000070fc00000, 0x000000070fc00000, 0x000000070fe00000|  0%| F|  |TAMS 0x000000070fc00000| PB 0x000000070fc00000| Untracked |  0
| 104|0x000000070fe00000, 0x000000070fe00000, 0x0000000710000000|  0%| F|  |TAMS 0x000000070fe00000| PB 0x000000070fe00000| Untracked |  0
| 105|0x0000000710000000, 0x0000000710000000, 0x0000000710200000|  0%| F|  |TAMS 0x0000000710000000| PB 0x0000000710000000| Untracked |  0
| 106|0x0000000710200000, 0x0000000710200000, 0x0000000710400000|  0%| F|  |TAMS 0x0000000710200000| PB 0x0000000710200000| Untracked |  0
| 107|0x0000000710400000, 0x0000000710400000, 0x0000000710600000|  0%| F|  |TAMS 0x0000000710400000| PB 0x0000000710400000| Untracked |  0
| 108|0x0000000710600000, 0x0000000710600000, 0x0000000710800000|  0%| F|  |TAMS 0x0000000710600000| PB 0x0000000710600000| Untracked |  0
| 109|0x0000000710800000, 0x0000000710800000, 0x0000000710a00000|  0%| F|  |TAMS 0x0000000710800000| PB 0x0000000710800000| Untracked |  0
| 110|0x0000000710a00000, 0x0000000710a00000, 0x0000000710c00000|  0%| F|  |TAMS 0x0000000710a00000| PB 0x0000000710a00000| Untracked |  0
| 111|0x0000000710c00000, 0x0000000710c00000, 0x0000000710e00000|  0%| F|  |TAMS 0x0000000710c00000| PB 0x0000000710c00000| Untracked |  0
| 112|0x0000000710e00000, 0x0000000710e00000, 0x0000000711000000|  0%| F|  |TAMS 0x0000000710e00000| PB 0x0000000710e00000| Untracked |  0
| 113|0x0000000711000000, 0x0000000711000000, 0x0000000711200000|  0%| F|  |TAMS 0x0000000711000000| PB 0x0000000711000000| Untracked |  0
| 114|0x0000000711200000, 0x0000000711200000, 0x0000000711400000|  0%| F|  |TAMS 0x0000000711200000| PB 0x0000000711200000| Untracked |  0
| 115|0x0000000711400000, 0x0000000711400000, 0x0000000711600000|  0%| F|  |TAMS 0x0000000711400000| PB 0x0000000711400000| Untracked |  0
| 116|0x0000000711600000, 0x0000000711600000, 0x0000000711800000|  0%| F|  |TAMS 0x0000000711600000| PB 0x0000000711600000| Untracked |  0
| 117|0x0000000711800000, 0x00000007118f5c48, 0x0000000711a00000| 48%| E|  |TAMS 0x0000000711800000| PB 0x0000000711800000| Complete |  0
| 118|0x0000000711a00000, 0x0000000711c00000, 0x0000000711c00000|100%| E|CS|TAMS 0x0000000711a00000| PB 0x0000000711a00000| Complete |  0
| 119|0x0000000711c00000, 0x0000000711e00000, 0x0000000711e00000|100%| E|CS|TAMS 0x0000000711c00000| PB 0x0000000711c00000| Complete |  0
| 120|0x0000000711e00000, 0x0000000712000000, 0x0000000712000000|100%| E|CS|TAMS 0x0000000711e00000| PB 0x0000000711e00000| Complete |  0
| 121|0x0000000712000000, 0x0000000712200000, 0x0000000712200000|100%| E|CS|TAMS 0x0000000712000000| PB 0x0000000712000000| Complete |  0
| 122|0x0000000712200000, 0x0000000712400000, 0x0000000712400000|100%| E|CS|TAMS 0x0000000712200000| PB 0x0000000712200000| Complete |  0
| 123|0x0000000712400000, 0x0000000712600000, 0x0000000712600000|100%| E|CS|TAMS 0x0000000712400000| PB 0x0000000712400000| Complete |  0
| 124|0x0000000712600000, 0x0000000712800000, 0x0000000712800000|100%| E|CS|TAMS 0x0000000712600000| PB 0x0000000712600000| Complete |  0
| 125|0x0000000712800000, 0x0000000712a00000, 0x0000000712a00000|100%| E|CS|TAMS 0x0000000712800000| PB 0x0000000712800000| Complete |  0
| 126|0x0000000712a00000, 0x0000000712c00000, 0x0000000712c00000|100%| E|CS|TAMS 0x0000000712a00000| PB 0x0000000712a00000| Complete |  0
|2024|0x00000007ffe00000, 0x00000007fff1c348, 0x0000000800000000| 55%| O|  |TAMS 0x00000007ffe00000| PB 0x00000007ffe00000| Untracked |  0

Card table byte_map: [0x000001d6d7010000,0x000001d6d7800000] _byte_map_base: 0x000001d6d37f9000

Marking Bits: (CMBitMap*) 0x000001d6bdaa5a20
 Bits: [0x000001d6d7800000, 0x000001d6db748000)

Polling page: 0x000001d6bd6c0000

Metaspace:

Usage:
  Non-class:      3.07 MB used.
      Class:    306.92 KB used.
       Both:      3.37 MB used.

Virtual space:
  Non-class space:       64.00 MB reserved,       3.19 MB (  5%) committed,  1 nodes.
      Class space:        1.00 GB reserved,     384.00 KB ( <1%) committed,  1 nodes.
             Both:        1.06 GB reserved,       3.56 MB ( <1%) committed. 

Chunk freelists:
   Non-Class:  11.92 MB
       Class:  15.59 MB
        Both:  27.51 MB

MaxMetaspaceSize: unlimited
CompressedClassSpaceSize: 1.00 GB
Initial GC threshold: 21.00 MB
Current GC threshold: 21.00 MB
CDS: on
 - commit_granule_bytes: 65536.
 - commit_granule_words: 8192.
 - virtual_space_node_default_size: 8388608.
 - enlarge_chunks_in_place: 1.
UseCompressedClassPointers 1, UseCompactObjectHeaders 0
Narrow klass pointer bits 32, Max shift 3
Narrow klass base: 0x000001d6de000000, Narrow klass shift: 0
Encoding Range: [0x000001d6de000000 - 0x000001d7de000000), (4294967296 bytes)
Klass Range:    [0x000001d6de000000 - 0x000001d71f000000), (1090519040 bytes)
Klass ID Range:  [8 - 1090519033) (1090519025)


Internal statistics:

num_allocs_failed_limit: 0.
num_arena_births: 68.
num_arena_deaths: 0.
num_vsnodes_births: 2.
num_vsnodes_deaths: 0.
num_space_committed: 57.
num_space_uncommitted: 0.
num_chunks_returned_to_freelist: 0.
num_chunks_taken_from_freelist: 74.
num_chunk_merges: 0.
num_chunk_splits: 52.
num_chunks_enlarged: 33.
num_inconsistent_stats: 0.

CodeHeap 'non-profiled nmethods': size=120064Kb used=391Kb max_used=391Kb free=119672Kb
 bounds [0x000001d6cea50000, 0x000001d6cecc0000, 0x000001d6d5f90000]
CodeHeap 'profiled nmethods': size=120000Kb used=1555Kb max_used=1555Kb free=118444Kb
 bounds [0x000001d6c6f90000, 0x000001d6c7200000, 0x000001d6ce4c0000]
CodeHeap 'non-nmethods': size=5696Kb used=1282Kb max_used=1322Kb free=4413Kb
 bounds [0x000001d6ce4c0000, 0x000001d6ce730000, 0x000001d6cea50000]
CodeCache: size=245760Kb, used=3228Kb, max_used=3268Kb, free=242529Kb
 total_blobs=1643, nmethods=1192, adapters=357, full_count=0
Compilation: enabled, stopped_count=0, restarted_count=0

Compilation events (20 events):
Event: 0.348 Thread 0x000001d71f132340 nmethod 1187 0x000001d6ceaaf388 code [0x000001d6ceaaf480, 0x000001d6ceaaf548]
Event: 0.348 Thread 0x000001d71f132340 1184       1       jdk.jfr.internal.EventControl::getEventType (5 bytes)
Event: 0.348 Thread 0x000001d71f132340 nmethod 1184 0x000001d6ceaaf688 code [0x000001d6ceaaf780, 0x000001d6ceaaf848]
Event: 0.348 Thread 0x000001d71f132340 1185       1       jdk.jfr.internal.EventControl::getSettingsId (5 bytes)
Event: 0.348 Thread 0x000001d71f132340 nmethod 1185 0x000001d6ceaaf988 code [0x000001d6ceaafa80, 0x000001d6ceaafb48]
Event: 0.348 Thread 0x000001d71f132340 1186       1       jdk.jfr.internal.EventControl::getNamedControls (5 bytes)
Event: 0.348 Thread 0x000001d71f132340 nmethod 1186 0x000001d6ceaafc88 code [0x000001d6ceaafd80, 0x000001d6ceaafe48]
Event: 0.350 Thread 0x000001d71f12efd0 nmethod 1188 0x000001d6ceaaff88 code [0x000001d6ceab00a0, 0x000001d6ceab06a8]
Event: 0.350 Thread 0x000001d71fab3840 nmethod 1161 0x000001d6ceab0708 code [0x000001d6ceab0880, 0x000001d6ceab1060]
Event: 0.350 Thread 0x000001d71f132340 1189       1       jdk.jfr.internal.periodic.EventTask::getEventType (5 bytes)
Event: 0.350 Thread 0x000001d71f132340 nmethod 1189 0x000001d6ceab1108 code [0x000001d6ceab1200, 0x000001d6ceab12c8]
Event: 0.350 Thread 0x000001d71f132340 1190       1       jdk.jfr.internal.periodic.PeriodicTask::getPeriod (5 bytes)
Event: 0.351 Thread 0x000001d71f132340 nmethod 1190 0x000001d6ceab1408 code [0x000001d6ceab1500, 0x000001d6ceab15c8]
Event: 0.351 Thread 0x000001d71f132340 1191       3       java.util.Comparator$$Lambda/0x000001d6df074b50::compare (10 bytes)
Event: 0.351 Thread 0x000001d71f132340 nmethod 1191 0x000001d6c7113b88 code [0x000001d6c7113ce0, 0x000001d6c7114170]
Event: 0.351 Thread 0x000001d71f132340 1192       3       java.util.Comparator::lambda$comparingLong$6043328a$1 (18 bytes)
Event: 0.351 Thread 0x000001d71f132340 nmethod 1192 0x000001d6c7114208 code [0x000001d6c7114360, 0x000001d6c7114758]
Event: 0.351 Thread 0x000001d71f132340 1193       3       java.lang.invoke.MethodTypeForm::cachedLambdaForm (38 bytes)
Event: 0.351 Thread 0x000001d71f132340 nmethod 1193 0x000001d6c7114788 code [0x000001d6c71148e0, 0x000001d6c7114e68]
Event: 0.352 Thread 0x000001d724008fd0 nmethod 1177 0x000001d6ceab1708 code [0x000001d6ceab1820, 0x000001d6ceab1d98]

GC Heap History (0 events):
No events

Dll operation events (10 events):
Event: 0.024 Loaded shared library C:\Users\kim10\.jdks\openjdk-24\bin\java.dll
Event: 0.056 Loaded shared library C:\Users\kim10\.jdks\openjdk-24\bin\jsvml.dll
Event: 0.083 Loaded shared library C:\Users\kim10\.jdks\openjdk-24\bin\zip.dll
Event: 0.088 Loaded shared library C:\Users\kim10\.jdks\openjdk-24\bin\instrument.dll
Event: 0.092 Loaded shared library C:\Users\kim10\.jdks\openjdk-24\bin\net.dll
Event: 0.095 Loaded shared library C:\Users\kim10\.jdks\openjdk-24\bin\nio.dll
Event: 0.099 Loaded shared library C:\Users\kim10\.jdks\openjdk-24\bin\zip.dll
Event: 0.111 Loaded shared library C:\Program Files\JetBrains\IntelliJ IDEA 2024.3.1.1\bin\breakgen64.dll
Event: 0.124 Loaded shared library C:\Users\kim10\.jdks\openjdk-24\bin\extnet.dll
Event: 0.179 Loaded shared library C:\Users\kim10\.jdks\openjdk-24\bin\jimage.dll

Deoptimization events (20 events):
Event: 0.318 Thread 0x000001d6bdfadd30 Uncommon trap: trap_request=0xffffffd6 fr.pc=0x000001d6cea9fda0 relative=0x00000000000006c0
Event: 0.318 Thread 0x000001d6bdfadd30 Uncommon trap: reason=array_check action=maybe_recompile pc=0x000001d6cea9fda0 method=jdk.internal.classfile.impl.SplitConstantPool.internalAdd(Ljava/lang/classfile/constantpool/PoolEntry;I)Ljava/lang/classfile/constantpool/PoolEntry; @ 46 c2
Event: 0.318 Thread 0x000001d6bdfadd30 DEOPT PACKING pc=0x000001d6cea9fda0 sp=0x000000af436fd2f0
Event: 0.318 Thread 0x000001d6bdfadd30 DEOPT UNPACKING pc=0x000001d6ce5d8602 sp=0x000000af436fd2a0 mode 2
Event: 0.318 Thread 0x000001d6bdfadd30 Uncommon trap: trap_request=0xffffffd6 fr.pc=0x000001d6cea9fda0 relative=0x00000000000006c0
Event: 0.318 Thread 0x000001d6bdfadd30 Uncommon trap: reason=array_check action=maybe_recompile pc=0x000001d6cea9fda0 method=jdk.internal.classfile.impl.SplitConstantPool.internalAdd(Ljava/lang/classfile/constantpool/PoolEntry;I)Ljava/lang/classfile/constantpool/PoolEntry; @ 46 c2
Event: 0.318 Thread 0x000001d6bdfadd30 DEOPT PACKING pc=0x000001d6cea9fda0 sp=0x000000af436fd280
Event: 0.318 Thread 0x000001d6bdfadd30 DEOPT UNPACKING pc=0x000001d6ce5d8602 sp=0x000000af436fd230 mode 2
Event: 0.325 Thread 0x000001d6bdfadd30 Uncommon trap: trap_request=0xffffff4d fr.pc=0x000001d6cea9a690 relative=0x00000000000000f0
Event: 0.325 Thread 0x000001d6bdfadd30 Uncommon trap: reason=unstable_if action=reinterpret pc=0x000001d6cea9a690 method=java.lang.Long.valueOf(J)Ljava/lang/Long; @ 17 c2
Event: 0.325 Thread 0x000001d6bdfadd30 DEOPT PACKING pc=0x000001d6cea9a690 sp=0x000000af436fe1b0
Event: 0.325 Thread 0x000001d6bdfadd30 DEOPT UNPACKING pc=0x000001d6ce5d8602 sp=0x000000af436fe148 mode 2
Event: 0.335 Thread 0x000001d6bdfadd30 Uncommon trap: trap_request=0xffffff4d fr.pc=0x000001d6ceaa859c relative=0x00000000000003fc
Event: 0.335 Thread 0x000001d6bdfadd30 Uncommon trap: reason=unstable_if action=reinterpret pc=0x000001d6ceaa859c method=java.io.ByteArrayOutputStream.ensureCapacity(I)V @ 11 c2
Event: 0.335 Thread 0x000001d6bdfadd30 DEOPT PACKING pc=0x000001d6ceaa859c sp=0x000000af436fe1c0
Event: 0.335 Thread 0x000001d6bdfadd30 DEOPT UNPACKING pc=0x000001d6ce5d8602 sp=0x000000af436fe0b0 mode 2
Event: 0.338 Thread 0x000001d6bdfadd30 Uncommon trap: trap_request=0xffffff4d fr.pc=0x000001d6ceaa7cbc relative=0x000000000000021c
Event: 0.338 Thread 0x000001d6bdfadd30 Uncommon trap: reason=unstable_if action=reinterpret pc=0x000001d6ceaa7cbc method=java.io.ByteArrayOutputStream.ensureCapacity(I)V @ 11 c2
Event: 0.338 Thread 0x000001d6bdfadd30 DEOPT PACKING pc=0x000001d6ceaa7cbc sp=0x000000af436fe080
Event: 0.338 Thread 0x000001d6bdfadd30 DEOPT UNPACKING pc=0x000001d6ce5d8602 sp=0x000000af436fdfc8 mode 2

Classes loaded (20 events):
Event: 0.324 Loading class jdk/jfr/internal/MetadataWriter
Event: 0.324 Loading class jdk/jfr/internal/MetadataWriter done
Event: 0.324 Loading class jdk/jfr/internal/MetadataDescriptor$Element
Event: 0.324 Loading class jdk/jfr/internal/MetadataDescriptor$Element done
Event: 0.325 Loading class jdk/jfr/internal/MetadataDescriptor$Attribute
Event: 0.325 Loading class jdk/jfr/internal/MetadataDescriptor$Attribute done
Event: 0.332 Loading class jdk/jfr/internal/consumer/StringParser$Encoding
Event: 0.332 Loading class jdk/jfr/internal/consumer/StringParser$Encoding done
Event: 0.342 Loading class jdk/jfr/internal/consumer/RepositoryFiles
Event: 0.342 Loading class jdk/jfr/internal/consumer/RepositoryFiles done
Event: 0.345 Loading class jdk/jfr/internal/SettingsManager$InternalSetting
Event: 0.345 Loading class jdk/jfr/internal/SettingsManager$InternalSetting done
Event: 0.346 Loading class jdk/jfr/internal/util/Rate
Event: 0.347 Loading class jdk/jfr/internal/util/Rate done
Event: 0.347 Loading class jdk/jfr/internal/util/TimespanUnit
Event: 0.347 Loading class jdk/jfr/internal/util/TimespanUnit done
Event: 0.347 Loading class jdk/jfr/internal/util/ValueParser
Event: 0.347 Loading class jdk/jfr/internal/util/ValueParser done
Event: 0.348 Loading class jdk/jfr/internal/periodic/PeriodicType
Event: 0.348 Loading class jdk/jfr/internal/periodic/PeriodicType done

Classes unloaded (0 events):
No events

Classes redefined (0 events):
No events

Internal exceptions (18 events):
Event: 0.100 Thread 0x000001d6bdfadd30 Exception <a 'java/lang/NoSuchMethodError'{0x0000000712978bb0}: 'void java.lang.invoke.DirectMethodHandle$Holder.invokeStatic(java.lang.Object, java.lang.Object, java.lang.Object)'> (0x0000000712978bb0) 
thrown [s\open\src\hotspot\share\interpreter\linkResolver.cpp, line 805]
Event: 0.106 Thread 0x000001d6bdfadd30 Exception <a 'java/lang/NoSuchMethodError'{0x00000007129ad770}: 'java.lang.Object java.lang.invoke.Invokers$Holder.invokeExact_MT(java.lang.Object, java.lang.Object, java.lang.Object, java.lang.Object, java.lang.Object)'> (0x00000007129ad770) 
thrown [s\open\src\hotspot\share\interpreter\linkResolver.cpp, line 805]
Event: 0.118 Thread 0x000001d6bdfadd30 Exception <a 'java/lang/NoSuchMethodError'{0x00000007129c0b20}: 'java.lang.Object java.lang.invoke.DirectMethodHandle$Holder.invokeStaticInit(java.lang.Object, java.lang.Object, java.lang.Object)'> (0x00000007129c0b20) 
thrown [s\open\src\hotspot\share\interpreter\linkResolver.cpp, line 805]
Event: 0.121 Thread 0x000001d71f40c960 Exception <a 'java/lang/NoSuchMethodError'{0x00000007129f0f38}: 'java.lang.Object java.lang.invoke.DirectMethodHandle$Holder.invokeStaticInit(java.lang.Object)'> (0x00000007129f0f38) 
thrown [s\open\src\hotspot\share\interpreter\linkResolver.cpp, line 805]
Event: 0.125 Thread 0x000001d71f40c960 Exception <a 'java/lang/NoSuchMethodError'{0x00000007129fbe88}: 'void java.lang.invoke.DirectMethodHandle$Holder.invokeStatic(java.lang.Object, java.lang.Object)'> (0x00000007129fbe88) 
thrown [s\open\src\hotspot\share\interpreter\linkResolver.cpp, line 805]
Event: 0.193 Thread 0x000001d6bdfadd30 Exception <a 'java/lang/NoSuchMethodError'{0x00000007124cb610}: 'void java.lang.invoke.DirectMethodHandle$Holder.invokeStaticInit(java.lang.Object)'> (0x00000007124cb610) 
thrown [s\open\src\hotspot\share\interpreter\linkResolver.cpp, line 805]
Event: 0.201 Thread 0x000001d6bdfadd30 Exception <a 'java/lang/NoSuchMethodError'{0x0000000712540808}: 'void java.lang.invoke.DirectMethodHandle$Holder.invokeSpecial(java.lang.Object, java.lang.Object, java.lang.Object)'> (0x0000000712540808) 
thrown [s\open\src\hotspot\share\interpreter\linkResolver.cpp, line 805]
Event: 0.209 Thread 0x000001d6bdfadd30 Exception <a 'java/lang/NoSuchMethodError'{0x00000007125a7fa8}: 'java.lang.Object java.lang.invoke.DirectMethodHandle$Holder.newInvokeSpecial(java.lang.Object, java.lang.Object, java.lang.Object, java.lang.Object, java.lang.Object)'> (0x00000007125a7fa8) 
thrown [s\open\src\hotspot\share\interpreter\linkResolver.cpp, line 805]
Event: 0.238 Thread 0x000001d6bdfadd30 Exception <a 'java/lang/NoSuchMethodError'{0x000000071233ed28}: 'long java.lang.invoke.DirectMethodHandle$Holder.invokeVirtual(java.lang.Object, java.lang.Object)'> (0x000000071233ed28) 
thrown [s\open\src\hotspot\share\interpreter\linkResolver.cpp, line 805]
Event: 0.273 Thread 0x000001d6bdfadd30 Exception <a 'java/lang/NoSuchMethodError'{0x0000000712193a18}: 'int java.lang.invoke.DirectMethodHandle$Holder.invokeSpecial(java.lang.Object, java.lang.Object, java.lang.Object)'> (0x0000000712193a18) 
thrown [s\open\src\hotspot\share\interpreter\linkResolver.cpp, line 805]
Event: 0.309 Thread 0x000001d6bdfadd30 Exception <a 'java/lang/NoSuchMethodError'{0x0000000711f5a9c0}: 'void java.lang.invoke.DirectMethodHandle$Holder.invokeSpecial(java.lang.Object, java.lang.Object, int)'> (0x0000000711f5a9c0) 
thrown [s\open\src\hotspot\share\interpreter\linkResolver.cpp, line 805]
Event: 0.309 Thread 0x000001d6bdfadd30 Exception <a 'java/lang/NoSuchMethodError'{0x0000000711f625e0}: 'void java.lang.invoke.Invokers$Holder.invokeExact_MT(java.lang.Object, int, java.lang.Object)'> (0x0000000711f625e0) 
thrown [s\open\src\hotspot\share\interpreter\linkResolver.cpp, line 805]
Event: 0.311 Thread 0x000001d6bdfadd30 Exception <a 'java/lang/NoSuchMethodError'{0x0000000711f7cf10}: 'void java.lang.invoke.DirectMethodHandle$Holder.invokeStatic(java.lang.Object, java.lang.Object, int)'> (0x0000000711f7cf10) 
thrown [s\open\src\hotspot\share\interpreter\linkResolver.cpp, line 805]
Event: 0.312 Thread 0x000001d6bdfadd30 Exception <a 'java/lang/NoSuchMethodError'{0x0000000711f8c000}: 'java.lang.Object java.lang.invoke.DirectMethodHandle$Holder.newInvokeSpecial(java.lang.Object, java.lang.Object, int)'> (0x0000000711f8c000) 
thrown [s\open\src\hotspot\share\interpreter\linkResolver.cpp, line 805]
Event: 0.313 Thread 0x000001d71fb91bc0 Exception <a 'java/lang/NoSuchMethodError'{0x0000000711fecbf0}: 'long java.lang.invoke.DirectMethodHandle$Holder.invokeSpecial(java.lang.Object, java.lang.Object)'> (0x0000000711fecbf0) 
thrown [s\open\src\hotspot\share\interpreter\linkResolver.cpp, line 805]
Event: 0.316 Thread 0x000001d6bdfadd30 Exception <a 'sun/nio/fs/WindowsException'{0x0000000711fc0fd0}> (0x0000000711fc0fd0) 
thrown [s\open\src\hotspot\share\prims\jni.cpp, line 518]
Event: 0.318 Thread 0x000001d6bdfadd30 Exception <a 'sun/nio/fs/WindowsException'{0x0000000711fcdec8}> (0x0000000711fcdec8) 
thrown [s\open\src\hotspot\share\prims\jni.cpp, line 518]
Event: 0.322 Thread 0x000001d6bdfadd30 Exception <a 'sun/nio/fs/WindowsException'{0x0000000711fdfd28}> (0x0000000711fdfd28) 
thrown [s\open\src\hotspot\share\prims\jni.cpp, line 518]

VM Operations (6 events):
Event: 0.313 Executing VM operation: HandshakeAllThreads (Deoptimize)
Event: 0.313 Executing VM operation: HandshakeAllThreads (Deoptimize) done
Event: 0.315 Executing VM operation: HandshakeAllThreads (Deoptimize)
Event: 0.315 Executing VM operation: HandshakeAllThreads (Deoptimize) done
Event: 0.343 Executing VM operation: JFRSafepointClear
Event: 0.343 Executing VM operation: JFRSafepointClear done

Memory protections (0 events):
No events

Nmethod flushes (0 events):
No events

Events (15 events):
Event: 0.038 Thread 0x000001d6bdfadd30 Thread added: 0x000001d6bdfadd30
Event: 0.053 Thread 0x000001d6bdfadd30 Thread added: 0x000001d6bdbcdcc0
Event: 0.053 Thread 0x000001d6bdfadd30 Thread added: 0x000001d6bdbcf770
Event: 0.053 Thread 0x000001d6bdfadd30 Thread added: 0x000001d6bdbd1d30
Event: 0.053 Thread 0x000001d6bdfadd30 Thread added: 0x000001d6bdbd4870
Event: 0.053 Thread 0x000001d6bdfadd30 Thread added: 0x000001d6bdbd53a0
Event: 0.053 Thread 0x000001d6bdfadd30 Thread added: 0x000001d6bdbd6000
Event: 0.053 Thread 0x000001d6bdfadd30 Thread added: 0x000001d71f12efd0
Event: 0.053 Thread 0x000001d6bdfadd30 Thread added: 0x000001d71f132340
Event: 0.068 Thread 0x000001d6bdfadd30 Thread added: 0x000001d71f2129f0
Event: 0.112 Thread 0x000001d6bdfadd30 Thread added: 0x000001d71f40c960
Event: 0.177 Thread 0x000001d71f132340 Thread added: 0x000001d71fab3840
Event: 0.190 Thread 0x000001d6bdfadd30 Thread added: 0x000001d724e61520
Event: 0.248 Thread 0x000001d71f132340 Thread added: 0x000001d724008fd0
Event: 0.312 Thread 0x000001d6bdfadd30 Thread added: 0x000001d71fb91bc0


Dynamic libraries:
0x00007ff6131c0000 - 0x00007ff6131ce000 	C:\Users\kim10\.jdks\openjdk-24\bin\java.exe
0x00007ff90c350000 - 0x00007ff90c567000 	C:\WINDOWS\SYSTEM32\ntdll.dll
0x00007ff90a4f0000 - 0x00007ff90a5b4000 	C:\WINDOWS\System32\KERNEL32.DLL
0x00007ff909670000 - 0x00007ff909a1d000 	C:\WINDOWS\System32\KERNELBASE.dll
0x00007ff909a20000 - 0x00007ff909b31000 	C:\WINDOWS\System32\ucrtbase.dll
0x00007ff8d3780000 - 0x00007ff8d3796000 	C:\Users\kim10\.jdks\openjdk-24\bin\jli.dll
0x00007ff8d1730000 - 0x00007ff8d174b000 	C:\Users\kim10\.jdks\openjdk-24\bin\VCRUNTIME140.dll
0x00007ff90c0b0000 - 0x00007ff90c25e000 	C:\WINDOWS\System32\USER32.dll
0x00007ff909fa0000 - 0x00007ff909fc6000 	C:\WINDOWS\System32\win32u.dll
0x00007ff90afb0000 - 0x00007ff90afd9000 	C:\WINDOWS\System32\GDI32.dll
0x00007ff909b40000 - 0x00007ff909c59000 	C:\WINDOWS\System32\gdi32full.dll
0x00007ff909f00000 - 0x00007ff909f9a000 	C:\WINDOWS\System32\msvcp_win.dll
0x00007ff8fe7f0000 - 0x00007ff8fea83000 	C:\WINDOWS\WinSxS\amd64_microsoft.windows.common-controls_6595b64144ccf1df_6.0.22621.3672_none_2713b9d173822955\COMCTL32.dll
0x00007ff90b3b0000 - 0x00007ff90b457000 	C:\WINDOWS\System32\msvcrt.dll
0x00007ff90b8f0000 - 0x00007ff90b921000 	C:\WINDOWS\System32\IMM32.DLL
0x00007ff8d6370000 - 0x00007ff8d637c000 	C:\Users\kim10\.jdks\openjdk-24\bin\vcruntime140_1.dll
0x00007ff8bb5d0000 - 0x00007ff8bb65e000 	C:\Users\kim10\.jdks\openjdk-24\bin\msvcp140.dll
0x00007ff88b450000 - 0x00007ff88c1f2000 	C:\Users\kim10\.jdks\openjdk-24\bin\server\jvm.dll
0x00007ff90afe0000 - 0x00007ff90b092000 	C:\WINDOWS\System32\ADVAPI32.dll
0x00007ff90c260000 - 0x00007ff90c309000 	C:\WINDOWS\System32\sechost.dll
0x00007ff909fd0000 - 0x00007ff909ff8000 	C:\WINDOWS\System32\bcrypt.dll
0x00007ff90a3d0000 - 0x00007ff90a4e4000 	C:\WINDOWS\System32\RPCRT4.dll
0x00007ff90a0e0000 - 0x00007ff90a151000 	C:\WINDOWS\System32\WS2_32.dll
0x00007ff908500000 - 0x00007ff90854d000 	C:\WINDOWS\SYSTEM32\POWRPROF.dll
0x00007ff902c20000 - 0x00007ff902c2a000 	C:\WINDOWS\SYSTEM32\VERSION.dll
0x00007ff8fac40000 - 0x00007ff8fac74000 	C:\WINDOWS\SYSTEM32\WINMM.dll
0x00007ff9084e0000 - 0x00007ff9084f3000 	C:\WINDOWS\SYSTEM32\UMPDC.dll
0x00007ff908790000 - 0x00007ff9087a8000 	C:\WINDOWS\SYSTEM32\kernel.appcore.dll
0x00007ff8d47e0000 - 0x00007ff8d47ea000 	C:\Users\kim10\.jdks\openjdk-24\bin\jimage.dll
0x00007ff8fa180000 - 0x00007ff8fa3b2000 	C:\WINDOWS\SYSTEM32\DBGHELP.DLL
0x00007ff90b560000 - 0x00007ff90b8ed000 	C:\WINDOWS\System32\combase.dll
0x00007ff90b270000 - 0x00007ff90b347000 	C:\WINDOWS\System32\OLEAUT32.dll
0x00007ff8e1850000 - 0x00007ff8e1882000 	C:\WINDOWS\SYSTEM32\dbgcore.DLL
0x00007ff90a000000 - 0x00007ff90a07b000 	C:\WINDOWS\System32\bcryptPrimitives.dll
0x00007ff8d1aa0000 - 0x00007ff8d1aaf000 	C:\Users\kim10\.jdks\openjdk-24\bin\instrument.dll
0x00007ff8d1710000 - 0x00007ff8d172e000 	C:\Users\kim10\.jdks\openjdk-24\bin\java.dll
0x00007ff90b0a0000 - 0x00007ff90b245000 	C:\WINDOWS\System32\ole32.dll
0x00007ff90a5c0000 - 0x00007ff90ae28000 	C:\WINDOWS\System32\SHELL32.dll
0x00007ff88d0d0000 - 0x00007ff88d2de000 	C:\Users\kim10\AppData\Local\Temp\idea_libasyncProfiler_dll_temp_folder\libasyncProfiler.dll
0x00007ff9075d0000 - 0x00007ff907ece000 	C:\WINDOWS\SYSTEM32\windows.storage.dll
0x00007ff907490000 - 0x00007ff9075cf000 	C:\WINDOWS\SYSTEM32\wintypes.dll
0x00007ff90ae30000 - 0x00007ff90af29000 	C:\WINDOWS\System32\SHCORE.dll
0x00007ff90a080000 - 0x00007ff90a0de000 	C:\WINDOWS\System32\shlwapi.dll
0x00007ff9095a0000 - 0x00007ff9095c1000 	C:\WINDOWS\SYSTEM32\profapi.dll
0x00007ff892ed0000 - 0x00007ff892fa7000 	C:\Users\kim10\.jdks\openjdk-24\bin\jsvml.dll
0x00007ff8d16e0000 - 0x00007ff8d16f7000 	C:\Users\kim10\.jdks\openjdk-24\bin\zip.dll
0x00007ff8d16c0000 - 0x00007ff8d16d0000 	C:\Users\kim10\.jdks\openjdk-24\bin\net.dll
0x00007ff908c00000 - 0x00007ff908c69000 	C:\WINDOWS\system32\mswsock.dll
0x00007ff8cee30000 - 0x00007ff8cee46000 	C:\Users\kim10\.jdks\openjdk-24\bin\nio.dll
0x00007ff8cd470000 - 0x00007ff8cd48a000 	C:\Program Files\JetBrains\IntelliJ IDEA 2024.3.1.1\bin\breakgen64.dll
0x00007ff8cd460000 - 0x00007ff8cd469000 	C:\Users\kim10\.jdks\openjdk-24\bin\extnet.dll

dbghelp: loaded successfully - version: 4.0.5 - missing functions: none
symbol engine: initialized successfully - sym options: 0x614 - pdb path: .;C:\Users\kim10\.jdks\openjdk-24\bin;C:\WINDOWS\SYSTEM32;C:\WINDOWS\WinSxS\amd64_microsoft.windows.common-controls_6595b64144ccf1df_6.0.22621.3672_none_2713b9d173822955;C:\Users\kim10\.jdks\openjdk-24\bin\server;C:\Users\kim10\AppData\Local\Temp\idea_libasyncProfiler_dll_temp_folder;C:\Program Files\JetBrains\IntelliJ IDEA 2024.3.1.1\bin

VM Arguments:
jvm_args: -javaagent:C:\Program Files\JetBrains\IntelliJ IDEA 2024.3.1.1\lib\idea_rt.jar=57172:C:\Program Files\JetBrains\IntelliJ IDEA 2024.3.1.1\bin -agentpath:C:\Users\kim10\AppData\Local\Temp\idea_libasyncProfiler_dll_temp_folder\libasyncProfiler.dll=start,jfr,event=wall,interval=10ms,jfrsync=profile,cstack=no,file=C:\Users\kim10\IdeaSnapshots\FileDownloadHTTPServer_7_6_GetServerSocketFields_java_2025_04_20_211000.jfr,dbghelppath=C:\Users\kim10\AppData\Local\Temp\idea_dbghelp_dll_temp_folder\dbghelp.dll,log=C:\Users\kim10\AppData\Local\Temp\FileDownloadHTTPServer_7_6_GetServerSocketFields_java_2025_04_20_211000.jfr.log.txt,logLevel=DEBUG -Dfile.encoding=UTF-8 -Dsun.stdout.encoding=UTF-8 -Dsun.stderr.encoding=UTF-8 
java_command: example7.FileDownloadHTTPServer_7_6
java_class_path (initial): D:\3학년 1학기(25년)\네트워크 프로그래밍\network progaming\project1\bin
Launcher Type: SUN_STANDARD

[Global flags]
     intx CICompilerCount                          = 4                                         {product} {ergonomic}
     uint ConcGCThreads                            = 2                                         {product} {ergonomic}
     bool FlightRecorder                           = true                                      {product} {management}
     uint G1ConcRefinementThreads                  = 8                                         {product} {ergonomic}
   size_t G1HeapRegionSize                         = 2097152                                   {product} {ergonomic}
   size_t InitialHeapSize                          = 266338304                                 {product} {ergonomic}
   size_t MarkStackSize                            = 4194304                                   {product} {ergonomic}
   size_t MarkStackSizeMax                         = 536870912                                 {product} {ergonomic}
   size_t MaxHeapSize                              = 4246732800                                {product} {ergonomic}
   size_t MaxNewSize                               = 2548039680                                {product} {ergonomic}
   size_t MinHeapDeltaBytes                        = 2097152                                   {product} {ergonomic}
   size_t MinHeapSize                              = 8388608                                   {product} {ergonomic}
    uintx NonNMethodCodeHeapSize                   = 5832704                                {pd product} {ergonomic}
    uintx NonProfiledCodeHeapSize                  = 122945536                              {pd product} {ergonomic}
    uintx ProfiledCodeHeapSize                     = 122880000                              {pd product} {ergonomic}
    uintx ReservedCodeCacheSize                    = 251658240                              {pd product} {ergonomic}
     bool SegmentedCodeCache                       = true                                      {product} {ergonomic}
   size_t SoftMaxHeapSize                          = 4246732800                             {manageable} {ergonomic}
     bool UseCompressedOops                        = true                           {product lp64_product} {ergonomic}
     bool UseG1GC                                  = true                                      {product} {ergonomic}
     bool UseLargePagesIndividualAllocation        = false                                  {pd product} {ergonomic}

Logging:
Log output configuration:
 #0: stdout all=warning uptime,level,tags foldmultilines=false
 #1: stderr all=off uptime,level,tags foldmultilines=false

Environment Variables:
PATH=C:\Program Files\Java\jdk-22\bin;C:\Program Files\Common Files\Oracle\Java\javapath;C:\Program Files (x86)\Common Files\Oracle\Java\java8path;C:\Program Files (x86)\Common Files\Oracle\Java\javapath;C:\Windows\system32;C:\Windows;C:\Windows\System32\Wbem;C:\Windows\System32\WindowsPowerShell\v1.0\;C:\Windows\System32\OpenSSH\;C:\Program Files\Git\cmd;C:\Program Files\dotnet\;C:\Program Files (x86)\NVIDIA Corporation\PhysX\Common;C:\ProgramData\chocolatey\bin;C:\MinGW\bin;;C:\WINDOWS\system32;C:\WINDOWS;C:\WINDOWS\System32\Wbem;C:\WINDOWS\System32\WindowsPowerShell\v1.0\;C:\WINDOWS\System32\OpenSSH\;C:\Program Files\NVIDIA Corporation\NVIDIA app\NvDLISR;C:\Program Files\nodejs\;C:\Users\kim10\scoop\shims;C:\python\python 13\Scripts\;C:\python\python 13\;C:\Users\kim10\AppData\Local\Microsoft\WindowsApps;C:\Users\kim10\AppData\Local\Programs\Microsoft VS Code\bin;C:\flutter\bin;C:\Users\kim10\AppData\Local\GitHubDesktop\bin;C:\Users\kim10\AppData\Roaming\Programs\Zero Install;C:\Users\kim10\AppData\Local\Microsoft\WindowsApps;C:\Users\kim10\AppData\Roaming\npm
USERNAME=kim10
OS=Windows_NT
PROCESSOR_IDENTIFIER=Intel64 Family 6 Model 151 Stepping 5, GenuineIntel
TMP=C:\Users\kim10\AppData\Local\Temp
TEMP=C:\Users\kim10\AppData\Local\Temp




Periodic native trim disabled

---------------  S Y S T E M  ---------------

OS:
 Windows 11 , 64 bit Build 22621 (10.0.22621.3958)
OS uptime: 0 days 6:52 hours

CPU: total 8 (initial active 8) (4 cores per cpu, 2 threads per core) family 6 model 151 stepping 5 microcode 0xf, cx8, cmov, fxsr, ht, mmx, 3dnowpref, sse, sse2, sse3, ssse3, sse4.1, sse4.2, popcnt, lzcnt, tsc, tscinvbit, avx, avx2, aes, erms, clmul, bmi1, bmi2, adx, sha, fma, vzeroupper, clflush, clflushopt, clwb, serialize, rdtscp, rdpid, fsrm, gfni, f16c, pku, cet_ibt, cet_ss
Processor Information for the first 8 processors :
  Max Mhz: 3300, Current Mhz: 3300, Mhz Limit: 3300

Memory: 4k page, system-wide physical 16197M (6565M free)
TotalPageFile size 20805M (AvailPageFile size 7152M)
current process WorkingSet (physical memory assigned to process): 74M, peak: 75M
current process commit charge ("private bytes"): 382M, peak: 383M

vm_info: OpenJDK 64-Bit Server VM (24+36-3646) for windows-amd64 JRE (24+36-3646), built on 2025-02-06T00:20:43Z with MS VC++ 17.6 (VS2022)

END.
